[2025-02-16 02:40:39]::[INICIO]:-> [------------------------------------------------------//////]
[2025-02-16 02:40:39]::[Config]:-> [Constructor de Config]
[2025-02-16 02:40:39]::[Config]:-> [Cargando variables de entorno]
[2025-02-16 02:40:39]::[Config]:-> [Conectando a la base de datos]
[2025-02-16 02:40:39]::[Config]:-> [Conexión exitosa a la base de datos]
[2025-02-16 02:41:13]::[INICIO]:-> [------------------------------------------------------//////]
[2025-02-16 02:41:13]::[Config]:-> [Constructor de Config]
[2025-02-16 02:41:13]::[Config]:-> [Cargando variables de entorno]
[2025-02-16 02:41:13]::[Config]:-> [Conectando a la base de datos]
[2025-02-16 02:41:13]::[Config]:-> [Conexión exitosa a la base de datos]
[2025-02-16 02:41:49]::[INICIO]:-> [------------------------------------------------------//////]
[2025-02-16 02:41:49]::[Config]:-> [Constructor de Config]
[2025-02-16 02:41:49]::[Config]:-> [Cargando variables de entorno]
[2025-02-16 02:41:49]::[Config]:-> [Conectando a la base de datos]
[2025-02-16 02:41:49]::[Config]:-> [Conexión exitosa a la base de datos]
[2025-02-16 02:41:49]::[Método no permitido]:-> [OPTIONS]
[2025-02-16 02:45:39]::[INICIO]:-> [------------------------------------------------------//////]
[2025-02-16 02:45:39]::[Config]:-> [Constructor de Config]
[2025-02-16 02:45:39]::[Config]:-> [Cargando variables de entorno]
[2025-02-16 02:45:39]::[Config]:-> [Conectando a la base de datos]
[2025-02-16 02:45:39]::[Config]:-> [Conexión exitosa a la base de datos]
[2025-02-16 02:45:39]::[Método no permitido]:-> [OPTIONS]
[2025-02-16 02:50:04]::[INICIO]:-> [------------------------------------------------------//////]
[2025-02-16 02:50:04]::[Config]:-> [Constructor de Config]
[2025-02-16 02:50:04]::[Config]:-> [Cargando variables de entorno]
[2025-02-16 02:50:04]::[Config]:-> [Conectando a la base de datos]
[2025-02-16 02:50:04]::[Config]:-> [Conexión exitosa a la base de datos]
[2025-02-16 02:50:04]::[INICIO]:-> [------------------------------------------------------//////]
[2025-02-16 02:50:04]::[Config]:-> [Constructor de Config]
[2025-02-16 02:50:04]::[Config]:-> [Cargando variables de entorno]
[2025-02-16 02:50:04]::[Config]:-> [Conectando a la base de datos]
[2025-02-16 02:50:04]::[Config]:-> [Conexión exitosa a la base de datos]
[2025-02-16 02:50:10]::[INICIO]:-> [------------------------------------------------------//////]
[2025-02-16 02:50:10]::[Config]:-> [Constructor de Config]
[2025-02-16 02:50:10]::[Config]:-> [Cargando variables de entorno]
[2025-02-16 02:50:10]::[Config]:-> [Conectando a la base de datos]
[2025-02-16 02:50:10]::[Config]:-> [Conexión exitosa a la base de datos]
[2025-02-16 02:50:10]::[Método no permitido]:-> [OPTIONS]
[2025-02-16 02:50:40]::[INICIO]:-> [------------------------------------------------------//////]
[2025-02-16 02:50:40]::[Config]:-> [Constructor de Config]
[2025-02-16 02:50:40]::[Config]:-> [Cargando variables de entorno]
[2025-02-16 02:50:40]::[Config]:-> [Conectando a la base de datos]
[2025-02-16 02:50:40]::[Config]:-> [Conexión exitosa a la base de datos]
[2025-02-16 02:51:41]::[INICIO]:-> [------------------------------------------------------//////]
[2025-02-16 02:51:41]::[Config]:-> [Constructor de Config]
[2025-02-16 02:51:41]::[Config]:-> [Cargando variables de entorno]
[2025-02-16 02:51:41]::[Config]:-> [Conectando a la base de datos]
[2025-02-16 02:51:41]::[Config]:-> [Conexión exitosa a la base de datos]
[2025-02-16 02:51:41]::[nombre]:-> [wilson]
[2025-02-16 02:51:41]::[apellido]:-> []
[2025-02-16 02:51:41]::[telefono]:-> []
[2025-02-16 02:51:41]::[correo]:-> []
[2025-02-16 02:52:50]::[INICIO]:-> [------------------------------------------------------//////]
[2025-02-16 02:52:50]::[Config]:-> [Constructor de Config]
[2025-02-16 02:52:50]::[Config]:-> [Cargando variables de entorno]
[2025-02-16 02:52:50]::[Config]:-> [Conectando a la base de datos]
[2025-02-16 02:52:50]::[Config]:-> [Conexión exitosa a la base de datos]
[2025-02-16 02:52:54]::[INICIO]:-> [------------------------------------------------------//////]
[2025-02-16 02:52:54]::[Config]:-> [Constructor de Config]
[2025-02-16 02:52:54]::[Config]:-> [Cargando variables de entorno]
[2025-02-16 02:52:54]::[Config]:-> [Conectando a la base de datos]
[2025-02-16 02:52:54]::[Config]:-> [Conexión exitosa a la base de datos]
[2025-02-16 02:53:37]::[INICIO]:-> [------------------------------------------------------//////]
[2025-02-16 02:53:37]::[Config]:-> [Constructor de Config]
[2025-02-16 02:53:37]::[Config]:-> [Cargando variables de entorno]
[2025-02-16 02:53:37]::[Config]:-> [Conectando a la base de datos]
[2025-02-16 02:53:37]::[Config]:-> [Conexión exitosa a la base de datos]
[2025-02-16 02:53:37]::[INICIO]:-> [------------------------------------------------------//////]
[2025-02-16 02:53:37]::[Config]:-> [Constructor de Config]
[2025-02-16 02:53:37]::[Config]:-> [Cargando variables de entorno]
[2025-02-16 02:53:37]::[Config]:-> [Conectando a la base de datos]
[2025-02-16 02:53:37]::[Config]:-> [Conexión exitosa a la base de datos]
[2025-02-16 02:53:47]::[INICIO]:-> [------------------------------------------------------//////]
[2025-02-16 02:53:47]::[Config]:-> [Constructor de Config]
[2025-02-16 02:53:47]::[Config]:-> [Cargando variables de entorno]
[2025-02-16 02:53:47]::[Config]:-> [Conectando a la base de datos]
[2025-02-16 02:53:47]::[Config]:-> [Conexión exitosa a la base de datos]
[2025-02-16 02:54:11]::[INICIO]:-> [------------------------------------------------------//////]
[2025-02-16 02:54:11]::[Config]:-> [Constructor de Config]
[2025-02-16 02:54:11]::[Config]:-> [Cargando variables de entorno]
[2025-02-16 02:54:11]::[Config]:-> [Conectando a la base de datos]
[2025-02-16 02:54:12]::[Config]:-> [Conexión exitosa a la base de datos]
[2025-02-16 02:54:43]::[INICIO]:-> [------------------------------------------------------//////]
[2025-02-16 02:54:43]::[Config]:-> [Constructor de Config]
[2025-02-16 02:54:43]::[Config]:-> [Cargando variables de entorno]
[2025-02-16 02:54:43]::[Config]:-> [Conectando a la base de datos]
[2025-02-16 02:54:43]::[Config]:-> [Conexión exitosa a la base de datos]
[2025-02-16 02:56:03]::[INICIO]:-> [------------------------------------------------------//////]
[2025-02-16 02:56:03]::[Config]:-> [Constructor de Config]
[2025-02-16 02:56:03]::[Config]:-> [Cargando variables de entorno]
[2025-02-16 02:56:03]::[Config]:-> [Conectando a la base de datos]
[2025-02-16 02:56:03]::[Config]:-> [Conexión exitosa a la base de datos]
[2025-02-16 02:56:47]::[INICIO]:-> [------------------------------------------------------//////]
[2025-02-16 02:56:47]::[Config]:-> [Constructor de Config]
[2025-02-16 02:56:47]::[Config]:-> [Cargando variables de entorno]
[2025-02-16 02:56:47]::[Config]:-> [Conectando a la base de datos]
[2025-02-16 02:56:47]::[Config]:-> [Conexión exitosa a la base de datos]
[2025-02-16 02:56:55]::[INICIO]:-> [------------------------------------------------------//////]
[2025-02-16 02:56:55]::[Config]:-> [Constructor de Config]
[2025-02-16 02:56:55]::[Config]:-> [Cargando variables de entorno]
[2025-02-16 02:56:55]::[Config]:-> [Conectando a la base de datos]
[2025-02-16 02:56:55]::[Config]:-> [Conexión exitosa a la base de datos]
[2025-02-16 02:57:42]::[INICIO]:-> [------------------------------------------------------//////]
[2025-02-16 02:57:42]::[Config]:-> [Constructor de Config]
[2025-02-16 02:57:42]::[Config]:-> [Cargando variables de entorno]
[2025-02-16 02:57:42]::[Config]:-> [Conectando a la base de datos]
[2025-02-16 02:57:42]::[Config]:-> [Conexión exitosa a la base de datos]
[2025-02-16 02:58:44]::[INICIO]:-> [------------------------------------------------------//////]
[2025-02-16 02:58:44]::[Config]:-> [Constructor de Config]
[2025-02-16 02:58:44]::[Config]:-> [Cargando variables de entorno]
[2025-02-16 02:58:44]::[Config]:-> [Conectando a la base de datos]
[2025-02-16 02:58:44]::[Config]:-> [Conexión exitosa a la base de datos]
[2025-02-16 02:58:47]::[INICIO]:-> [------------------------------------------------------//////]
[2025-02-16 02:58:47]::[Config]:-> [Constructor de Config]
[2025-02-16 02:58:47]::[Config]:-> [Cargando variables de entorno]
[2025-02-16 02:58:47]::[Config]:-> [Conectando a la base de datos]
[2025-02-16 02:58:47]::[Config]:-> [Conexión exitosa a la base de datos]
[2025-02-16 02:58:55]::[INICIO]:-> [------------------------------------------------------//////]
[2025-02-16 02:58:55]::[Config]:-> [Constructor de Config]
[2025-02-16 02:58:55]::[Config]:-> [Cargando variables de entorno]
[2025-02-16 02:58:55]::[Config]:-> [Conectando a la base de datos]
[2025-02-16 02:58:55]::[Config]:-> [Conexión exitosa a la base de datos]
[2025-02-16 02:58:59]::[INICIO]:-> [------------------------------------------------------//////]
[2025-02-16 02:58:59]::[Config]:-> [Constructor de Config]
[2025-02-16 02:58:59]::[Config]:-> [Cargando variables de entorno]
[2025-02-16 02:58:59]::[Config]:-> [Conectando a la base de datos]
[2025-02-16 02:58:59]::[Config]:-> [Conexión exitosa a la base de datos]
[2025-02-16 03:03:11]::[INICIO]:-> [------------------------------------------------------//////]
[2025-02-16 03:03:11]::[Config]:-> [Constructor de Config]
[2025-02-16 03:03:11]::[Config]:-> [Cargando variables de entorno]
[2025-02-16 03:03:11]::[Config]:-> [Conectando a la base de datos]
[2025-02-16 03:03:11]::[Config]:-> [Conexión exitosa a la base de datos]
[2025-02-16 03:03:31]::[INICIO]:-> [------------------------------------------------------//////]
[2025-02-16 03:03:31]::[Config]:-> [Constructor de Config]
[2025-02-16 03:03:31]::[Config]:-> [Cargando variables de entorno]
[2025-02-16 03:03:31]::[Config]:-> [Conectando a la base de datos]
[2025-02-16 03:03:31]::[Config]:-> [Conexión exitosa a la base de datos]
[2025-02-16 03:05:31]::[INICIO]:-> [------------------------------------------------------//////]
[2025-02-16 03:05:31]::[Config]:-> [Constructor de Config]
[2025-02-16 03:05:31]::[Config]:-> [Cargando variables de entorno]
[2025-02-16 03:05:31]::[Config]:-> [Conectando a la base de datos]
[2025-02-16 03:05:31]::[Config]:-> [Conexión exitosa a la base de datos]
[2025-02-16 03:05:36]::[INICIO]:-> [------------------------------------------------------//////]
[2025-02-16 03:05:36]::[Config]:-> [Constructor de Config]
[2025-02-16 03:05:36]::[Config]:-> [Cargando variables de entorno]
[2025-02-16 03:05:36]::[Config]:-> [Conectando a la base de datos]
[2025-02-16 03:05:36]::[Config]:-> [Conexión exitosa a la base de datos]
[2025-02-16 23:18:12]::[INICIO]:-> [------------------------------------------------------//////]
[2025-02-16 23:18:12]::[Config]:-> [Constructor de Config]
[2025-02-16 23:18:12]::[Config]:-> [Cargando variables de entorno]
[2025-02-16 23:18:12]::[Config]:-> [Conectando a la base de datos]
[2025-02-16 23:18:12]::[Config]:-> [Conexión exitosa a la base de datos]
[2025-02-16 23:29:57]::[INICIO]:-> [------------------------------------------------------//////]
[2025-02-16 23:29:57]::[Config]:-> [Constructor de Config]
[2025-02-16 23:29:57]::[Config]:-> [Cargando variables de entorno]
[2025-02-16 23:29:57]::[Config]:-> [Conectando a la base de datos]
[2025-02-16 23:29:57]::[Config]:-> [Conexión exitosa a la base de datos]
[2025-02-16 23:36:01]::[INICIO]:-> [------------------------------------------------------//////]
[2025-02-16 23:36:01]::[Config]:-> [Constructor de Config]
[2025-02-16 23:36:01]::[Config]:-> [Cargando variables de entorno]
[2025-02-16 23:36:01]::[Config]:-> [Conectando a la base de datos]
[2025-02-16 23:36:01]::[Config]:-> [Conexión exitosa a la base de datos]
[2025-02-16 23:36:17]::[INICIO]:-> [------------------------------------------------------//////]
[2025-02-16 23:36:17]::[Config]:-> [Constructor de Config]
[2025-02-16 23:36:17]::[Config]:-> [Cargando variables de entorno]
[2025-02-16 23:36:17]::[Config]:-> [Conectando a la base de datos]
[2025-02-16 23:36:17]::[Config]:-> [Conexión exitosa a la base de datos]
[2025-02-16 23:43:53]::[INICIO]:-> [------------------------------------------------------//////]
[2025-02-16 23:43:53]::[Config]:-> [Constructor de Config]
[2025-02-16 23:43:53]::[Config]:-> [Cargando variables de entorno]
[2025-02-16 23:43:53]::[Config]:-> [Conectando a la base de datos]
[2025-02-16 23:43:53]::[Config]:-> [Conexión exitosa a la base de datos]
[2025-02-16 23:43:53]::[Método no permitido]:-> [POST]
[2025-02-16 23:44:29]::[INICIO]:-> [------------------------------------------------------//////]
[2025-02-16 23:44:29]::[Config]:-> [Constructor de Config]
[2025-02-16 23:44:29]::[Config]:-> [Cargando variables de entorno]
[2025-02-16 23:44:29]::[Config]:-> [Conectando a la base de datos]
[2025-02-16 23:44:29]::[Config]:-> [Conexión exitosa a la base de datos]
[2025-02-16 23:44:35]::[INICIO]:-> [------------------------------------------------------//////]
[2025-02-16 23:44:35]::[Config]:-> [Constructor de Config]
[2025-02-16 23:44:35]::[Config]:-> [Cargando variables de entorno]
[2025-02-16 23:44:35]::[Config]:-> [Conectando a la base de datos]
[2025-02-16 23:44:35]::[Config]:-> [Conexión exitosa a la base de datos]
[2025-02-16 23:44:35]::[Método no permitido]:-> [POST]
[2025-02-16 23:45:20]::[INICIO]:-> [------------------------------------------------------//////]
[2025-02-16 23:45:20]::[Config]:-> [Constructor de Config]
[2025-02-16 23:45:20]::[Config]:-> [Cargando variables de entorno]
[2025-02-16 23:45:20]::[Config]:-> [Conectando a la base de datos]
[2025-02-16 23:45:20]::[Config]:-> [Conexión exitosa a la base de datos]
[2025-02-16 23:45:20]::[Método no permitido]:-> [POST]
[2025-02-16 23:56:34]::[INICIO]:-> [------------------------------------------------------//////]
[2025-02-16 23:56:34]::[Config]:-> [Constructor de Config]
[2025-02-16 23:56:34]::[Config]:-> [Cargando variables de entorno]
[2025-02-16 23:56:34]::[Config]:-> [Conectando a la base de datos]
[2025-02-16 23:56:34]::[Config]:-> [Conexión exitosa a la base de datos]
[2025-02-16 23:57:02]::[INICIO]:-> [------------------------------------------------------//////]
[2025-02-16 23:57:02]::[Config]:-> [Constructor de Config]
[2025-02-16 23:57:02]::[Config]:-> [Cargando variables de entorno]
[2025-02-16 23:57:02]::[Config]:-> [Conectando a la base de datos]
[2025-02-16 23:57:02]::[Config]:-> [Conexión exitosa a la base de datos]
[2025-02-16 23:58:01]::[INICIO]:-> [------------------------------------------------------//////]
[2025-02-16 23:58:01]::[Config]:-> [Constructor de Config]
[2025-02-16 23:58:01]::[Config]:-> [Cargando variables de entorno]
[2025-02-16 23:58:01]::[Config]:-> [Conectando a la base de datos]
[2025-02-16 23:58:01]::[Config]:-> [Conexión exitosa a la base de datos]
[2025-02-17 00:01:32]::[INICIO]:-> [------------------------------------------------------//////]
[2025-02-17 00:01:32]::[Config]:-> [Constructor de Config]
[2025-02-17 00:01:32]::[Config]:-> [Cargando variables de entorno]
[2025-02-17 00:01:32]::[Config]:-> [Conectando a la base de datos]
[2025-02-17 00:01:32]::[Config]:-> [Conexión exitosa a la base de datos]
[2025-02-17 00:02:07]::[INICIO]:-> [------------------------------------------------------//////]
[2025-02-17 00:02:07]::[Config]:-> [Constructor de Config]
[2025-02-17 00:02:07]::[Config]:-> [Cargando variables de entorno]
[2025-02-17 00:02:07]::[Config]:-> [Conectando a la base de datos]
[2025-02-17 00:02:07]::[Config]:-> [Conexión exitosa a la base de datos]
[2025-02-17 00:42:12]::[INICIO]:-> [------------------------------------------------------//////]
[2025-02-17 00:42:12]::[Config]:-> [Constructor de Config]
[2025-02-17 00:42:12]::[Config]:-> [Cargando variables de entorno]
[2025-02-17 00:42:12]::[Config]:-> [Conectando a la base de datos]
[2025-02-17 00:42:12]::[Config]:-> [Conexión exitosa a la base de datos]
[2025-02-17 00:44:52]::[INICIO]:-> [------------------------------------------------------//////]
[2025-02-17 00:44:52]::[Config]:-> [Constructor de Config]
[2025-02-17 00:44:52]::[Config]:-> [Cargando variables de entorno]
[2025-02-17 00:44:52]::[Config]:-> [Conectando a la base de datos]
[2025-02-17 00:44:52]::[Config]:-> [Conexión exitosa a la base de datos]
[2025-02-17 00:45:47]::[INICIO]:-> [------------------------------------------------------//////]
[2025-02-17 00:45:47]::[Config]:-> [Constructor de Config]
[2025-02-17 00:45:47]::[Config]:-> [Cargando variables de entorno]
[2025-02-17 00:45:47]::[Config]:-> [Conectando a la base de datos]
[2025-02-17 00:45:47]::[Config]:-> [Conexión exitosa a la base de datos]
[2025-02-17 00:49:37]::[INICIO]:-> [------------------------------------------------------//////]
[2025-02-17 00:49:37]::[Config]:-> [Constructor de Config]
[2025-02-17 00:49:37]::[Config]:-> [Cargando variables de entorno]
[2025-02-17 00:49:37]::[Config]:-> [Conectando a la base de datos]
[2025-02-17 00:49:37]::[Config]:-> [Conexión exitosa a la base de datos]
[2025-02-17 00:53:59]::[INICIO]:-> [------------------------------------------------------//////]
[2025-02-17 00:53:59]::[Config]:-> [Constructor de Config]
[2025-02-17 00:53:59]::[Config]:-> [Cargando variables de entorno]
[2025-02-17 00:53:59]::[Config]:-> [Conectando a la base de datos]
[2025-02-17 00:53:59]::[Config]:-> [Conexión exitosa a la base de datos]
[2025-02-17 00:57:04]::[INICIO]:-> [------------------------------------------------------//////]
[2025-02-17 00:57:04]::[Config]:-> [Constructor de Config]
[2025-02-17 00:57:04]::[Config]:-> [Cargando variables de entorno]
[2025-02-17 00:57:04]::[Config]:-> [Conectando a la base de datos]
[2025-02-17 00:57:04]::[Config]:-> [Conexión exitosa a la base de datos]
[2025-02-17 00:57:22]::[INICIO]:-> [------------------------------------------------------//////]
[2025-02-17 00:57:22]::[Config]:-> [Constructor de Config]
[2025-02-17 00:57:22]::[Config]:-> [Cargando variables de entorno]
[2025-02-17 00:57:22]::[Config]:-> [Conectando a la base de datos]
[2025-02-17 00:57:22]::[Config]:-> [Conexión exitosa a la base de datos]
[2025-02-17 00:57:27]::[INICIO]:-> [------------------------------------------------------//////]
[2025-02-17 00:57:27]::[Config]:-> [Constructor de Config]
[2025-02-17 00:57:27]::[Config]:-> [Cargando variables de entorno]
[2025-02-17 00:57:27]::[Config]:-> [Conectando a la base de datos]
[2025-02-17 00:57:27]::[Config]:-> [Conexión exitosa a la base de datos]
[2025-02-17 01:05:08]::[INICIO]:-> [------------------------------------------------------//////]
[2025-02-17 01:05:08]::[Config]:-> [Constructor de Config]
[2025-02-17 01:05:08]::[Config]:-> [Cargando variables de entorno]
[2025-02-17 01:05:08]::[Config]:-> [Conectando a la base de datos]
[2025-02-17 01:05:08]::[Config]:-> [Conexión exitosa a la base de datos]
[2025-02-17 01:05:12]::[INICIO]:-> [------------------------------------------------------//////]
[2025-02-17 01:05:12]::[Config]:-> [Constructor de Config]
[2025-02-17 01:05:12]::[Config]:-> [Cargando variables de entorno]
[2025-02-17 01:05:12]::[Config]:-> [Conectando a la base de datos]
[2025-02-17 01:05:12]::[Config]:-> [Conexión exitosa a la base de datos]
[2025-02-17 01:07:09]::[INICIO]:-> [------------------------------------------------------//////]
[2025-02-17 01:07:09]::[Config]:-> [Constructor de Config]
[2025-02-17 01:07:09]::[Config]:-> [Cargando variables de entorno]
[2025-02-17 01:07:09]::[Config]:-> [Conectando a la base de datos]
[2025-02-17 01:07:09]::[Config]:-> [Conexión exitosa a la base de datos]
[2025-02-17 01:13:19]::[INICIO]:-> [------------------------------------------------------//////]
[2025-02-17 01:13:19]::[Config]:-> [Constructor de Config]
[2025-02-17 01:13:19]::[Config]:-> [Cargando variables de entorno]
[2025-02-17 01:13:19]::[Config]:-> [Conectando a la base de datos]
[2025-02-17 01:13:19]::[Config]:-> [Conexión exitosa a la base de datos]
[2025-02-17 01:19:14]::[INICIO]:-> [------------------------------------------------------//////]
[2025-02-17 01:19:14]::[Config]:-> [Constructor de Config]
[2025-02-17 01:19:14]::[Config]:-> [Cargando variables de entorno]
[2025-02-17 01:19:14]::[Config]:-> [Conectando a la base de datos]
[2025-02-17 01:19:14]::[Config]:-> [Conexión exitosa a la base de datos]
[2025-02-17 01:19:29]::[INICIO]:-> [------------------------------------------------------//////]
[2025-02-17 01:19:29]::[Config]:-> [Constructor de Config]
[2025-02-17 01:19:29]::[Config]:-> [Cargando variables de entorno]
[2025-02-17 01:19:29]::[Config]:-> [Conectando a la base de datos]
[2025-02-17 01:19:29]::[Config]:-> [Conexión exitosa a la base de datos]
[2025-02-17 01:26:50]::[INICIO]:-> [------------------------------------------------------//////]
[2025-02-17 01:26:50]::[Config]:-> [Constructor de Config]
[2025-02-17 01:26:50]::[Config]:-> [Cargando variables de entorno]
[2025-02-17 01:26:50]::[Config]:-> [Conectando a la base de datos]
[2025-02-17 01:26:50]::[Config]:-> [Conexión exitosa a la base de datos]
[2025-02-17 01:30:20]::[INICIO]:-> [------------------------------------------------------//////]
[2025-02-17 01:30:20]::[Config]:-> [Constructor de Config]
[2025-02-17 01:30:20]::[Config]:-> [Cargando variables de entorno]
[2025-02-17 01:30:20]::[Config]:-> [Conectando a la base de datos]
[2025-02-17 01:30:20]::[Config]:-> [Conexión exitosa a la base de datos]
[2025-02-17 01:31:49]::[INICIO]:-> [------------------------------------------------------//////]
[2025-02-17 01:31:49]::[Config]:-> [Constructor de Config]
[2025-02-17 01:31:49]::[Config]:-> [Cargando variables de entorno]
[2025-02-17 01:31:49]::[Config]:-> [Conectando a la base de datos]
[2025-02-17 01:31:49]::[Config]:-> [Conexión exitosa a la base de datos]
[2025-02-17 01:32:39]::[INICIO]:-> [------------------------------------------------------//////]
[2025-02-17 01:32:39]::[Config]:-> [Constructor de Config]
[2025-02-17 01:32:40]::[Config]:-> [Cargando variables de entorno]
[2025-02-17 01:32:40]::[Config]:-> [Conectando a la base de datos]
[2025-02-17 01:32:40]::[Config]:-> [Conexión exitosa a la base de datos]
[2025-02-17 01:32:45]::[INICIO]:-> [------------------------------------------------------//////]
[2025-02-17 01:32:45]::[Config]:-> [Constructor de Config]
[2025-02-17 01:32:45]::[Config]:-> [Cargando variables de entorno]
[2025-02-17 01:32:45]::[Config]:-> [Conectando a la base de datos]
[2025-02-17 01:32:45]::[Config]:-> [Conexión exitosa a la base de datos]
[2025-02-17 01:32:47]::[INICIO]:-> [------------------------------------------------------//////]
[2025-02-17 01:32:47]::[Config]:-> [Constructor de Config]
[2025-02-17 01:32:47]::[Config]:-> [Cargando variables de entorno]
[2025-02-17 01:32:47]::[Config]:-> [Conectando a la base de datos]
[2025-02-17 01:32:47]::[Config]:-> [Conexión exitosa a la base de datos]
[2025-02-17 01:59:40]::[INICIO]:-> [------------------------------------------------------//////]
[2025-02-17 01:59:40]::[Config]:-> [Constructor de Config]
[2025-02-17 01:59:40]::[Config]:-> [Cargando variables de entorno]
[2025-02-17 01:59:40]::[Config]:-> [Conectando a la base de datos]
[2025-02-17 01:59:40]::[Config]:-> [Conexión exitosa a la base de datos]
[2025-02-17 01:59:41]::[INICIO]:-> [------------------------------------------------------//////]
[2025-02-17 01:59:41]::[Config]:-> [Constructor de Config]
[2025-02-17 01:59:41]::[Config]:-> [Cargando variables de entorno]
[2025-02-17 01:59:41]::[Config]:-> [Conectando a la base de datos]
[2025-02-17 01:59:41]::[Config]:-> [Conexión exitosa a la base de datos]
[2025-02-17 01:59:48]::[INICIO]:-> [------------------------------------------------------//////]
[2025-02-17 01:59:48]::[Config]:-> [Constructor de Config]
[2025-02-17 01:59:48]::[Config]:-> [Cargando variables de entorno]
[2025-02-17 01:59:48]::[Config]:-> [Conectando a la base de datos]
[2025-02-17 01:59:48]::[Config]:-> [Conexión exitosa a la base de datos]
[2025-02-17 01:59:50]::[INICIO]:-> [------------------------------------------------------//////]
[2025-02-17 01:59:50]::[Config]:-> [Constructor de Config]
[2025-02-17 01:59:50]::[Config]:-> [Cargando variables de entorno]
[2025-02-17 01:59:50]::[Config]:-> [Conectando a la base de datos]
[2025-02-17 01:59:50]::[Config]:-> [Conexión exitosa a la base de datos]
[2025-02-19 23:35:53]::[INICIO]:-> [------------------------------------------------------//////]
[2025-02-19 23:35:53]::[Config]:-> [Constructor de Config]
[2025-02-19 23:35:53]::[Config]:-> [Cargando variables de entorno]
[2025-02-19 23:35:53]::[Config]:-> [Conectando a la base de datos]
[2025-02-19 23:35:53]::[Config]:-> [Conexión exitosa a la base de datos]
[2025-02-19 23:41:06]::[INICIO]:-> [------------------------------------------------------//////]
[2025-02-19 23:41:06]::[Config]:-> [Constructor de Config]
[2025-02-19 23:41:06]::[Config]:-> [Cargando variables de entorno]
[2025-02-19 23:41:06]::[Config]:-> [Conectando a la base de datos]
[2025-02-19 23:41:06]::[Config]:-> [Conexión exitosa a la base de datos]
[2025-02-19 23:41:15]::[INICIO]:-> [------------------------------------------------------//////]
[2025-02-19 23:41:15]::[Config]:-> [Constructor de Config]
[2025-02-19 23:41:15]::[Config]:-> [Cargando variables de entorno]
[2025-02-19 23:41:15]::[Config]:-> [Conectando a la base de datos]
[2025-02-19 23:41:15]::[Config]:-> [Conexión exitosa a la base de datos]
[2025-02-19 23:41:25]::[INICIO]:-> [------------------------------------------------------//////]
[2025-02-19 23:41:25]::[Config]:-> [Constructor de Config]
[2025-02-19 23:41:25]::[Config]:-> [Cargando variables de entorno]
[2025-02-19 23:41:25]::[Config]:-> [Conectando a la base de datos]
[2025-02-19 23:41:25]::[Config]:-> [Conexión exitosa a la base de datos]
[2025-02-19 23:41:28]::[INICIO]:-> [------------------------------------------------------//////]
[2025-02-19 23:41:28]::[Config]:-> [Constructor de Config]
[2025-02-19 23:41:28]::[Config]:-> [Cargando variables de entorno]
[2025-02-19 23:41:28]::[Config]:-> [Conectando a la base de datos]
[2025-02-19 23:41:28]::[Config]:-> [Conexión exitosa a la base de datos]
[2025-02-19 23:41:33]::[INICIO]:-> [------------------------------------------------------//////]
[2025-02-19 23:41:33]::[Config]:-> [Constructor de Config]
[2025-02-19 23:41:33]::[Config]:-> [Cargando variables de entorno]
[2025-02-19 23:41:33]::[Config]:-> [Conectando a la base de datos]
[2025-02-19 23:41:33]::[Config]:-> [Conexión exitosa a la base de datos]
[2025-02-19 23:41:39]::[INICIO]:-> [------------------------------------------------------//////]
[2025-02-19 23:41:39]::[Config]:-> [Constructor de Config]
[2025-02-19 23:41:39]::[Config]:-> [Cargando variables de entorno]
[2025-02-19 23:41:39]::[Config]:-> [Conectando a la base de datos]
[2025-02-19 23:41:39]::[Config]:-> [Conexión exitosa a la base de datos]
[2025-02-19 23:41:45]::[INICIO]:-> [------------------------------------------------------//////]
[2025-02-19 23:41:45]::[Config]:-> [Constructor de Config]
[2025-02-19 23:41:45]::[Config]:-> [Cargando variables de entorno]
[2025-02-19 23:41:45]::[Config]:-> [Conectando a la base de datos]
[2025-02-19 23:41:45]::[Config]:-> [Conexión exitosa a la base de datos]
[2025-02-19 23:41:52]::[INICIO]:-> [------------------------------------------------------//////]
[2025-02-19 23:41:52]::[Config]:-> [Constructor de Config]
[2025-02-19 23:41:52]::[Config]:-> [Cargando variables de entorno]
[2025-02-19 23:41:52]::[Config]:-> [Conectando a la base de datos]
[2025-02-19 23:41:52]::[Config]:-> [Conexión exitosa a la base de datos]
[2025-02-19 23:41:57]::[INICIO]:-> [------------------------------------------------------//////]
[2025-02-19 23:41:57]::[Config]:-> [Constructor de Config]
[2025-02-19 23:41:57]::[Config]:-> [Cargando variables de entorno]
[2025-02-19 23:41:57]::[Config]:-> [Conectando a la base de datos]
[2025-02-19 23:41:57]::[Config]:-> [Conexión exitosa a la base de datos]
[2025-02-19 23:41:59]::[INICIO]:-> [------------------------------------------------------//////]
[2025-02-19 23:41:59]::[Config]:-> [Constructor de Config]
[2025-02-19 23:41:59]::[Config]:-> [Cargando variables de entorno]
[2025-02-19 23:41:59]::[Config]:-> [Conectando a la base de datos]
[2025-02-19 23:41:59]::[Config]:-> [Conexión exitosa a la base de datos]
[2025-02-19 23:42:11]::[INICIO]:-> [------------------------------------------------------//////]
[2025-02-19 23:42:11]::[Config]:-> [Constructor de Config]
[2025-02-19 23:42:11]::[Config]:-> [Cargando variables de entorno]
[2025-02-19 23:42:11]::[Config]:-> [Conectando a la base de datos]
[2025-02-19 23:42:11]::[Config]:-> [Conexión exitosa a la base de datos]
[2025-02-19 23:42:11]::[nombre]:-> [0992]
[2025-02-19 23:42:11]::[apellido]:-> []
[2025-02-19 23:42:11]::[telefono]:-> []
[2025-02-19 23:42:11]::[correo]:-> []
[2025-02-19 23:42:17]::[INICIO]:-> [------------------------------------------------------//////]
[2025-02-19 23:42:17]::[Config]:-> [Constructor de Config]
[2025-02-19 23:42:17]::[Config]:-> [Cargando variables de entorno]
[2025-02-19 23:42:17]::[Config]:-> [Conectando a la base de datos]
[2025-02-19 23:42:17]::[Config]:-> [Conexión exitosa a la base de datos]
[2025-02-19 23:42:17]::[nombre]:-> []
[2025-02-19 23:42:17]::[apellido]:-> []
[2025-02-19 23:42:17]::[telefono]:-> [0992]
[2025-02-19 23:42:17]::[correo]:-> []
[2025-02-19 23:42:39]::[INICIO]:-> [------------------------------------------------------//////]
[2025-02-19 23:42:39]::[Config]:-> [Constructor de Config]
[2025-02-19 23:42:39]::[Config]:-> [Cargando variables de entorno]
[2025-02-19 23:42:39]::[Config]:-> [Conectando a la base de datos]
[2025-02-19 23:42:39]::[Config]:-> [Conexión exitosa a la base de datos]
[2025-02-19 23:42:57]::[INICIO]:-> [------------------------------------------------------//////]
[2025-02-19 23:42:57]::[Config]:-> [Constructor de Config]
[2025-02-19 23:42:57]::[Config]:-> [Cargando variables de entorno]
[2025-02-19 23:42:57]::[Config]:-> [Conectando a la base de datos]
[2025-02-19 23:42:57]::[Config]:-> [Conexión exitosa a la base de datos]
[2025-02-19 23:43:47]::[INICIO]:-> [------------------------------------------------------//////]
[2025-02-19 23:43:47]::[Config]:-> [Constructor de Config]
[2025-02-19 23:43:47]::[Config]:-> [Cargando variables de entorno]
[2025-02-19 23:43:47]::[Config]:-> [Conectando a la base de datos]
[2025-02-19 23:43:47]::[Config]:-> [Conexión exitosa a la base de datos]
[2025-02-19 23:43:51]::[INICIO]:-> [------------------------------------------------------//////]
[2025-02-19 23:43:51]::[Config]:-> [Constructor de Config]
[2025-02-19 23:43:51]::[Config]:-> [Cargando variables de entorno]
[2025-02-19 23:43:51]::[Config]:-> [Conectando a la base de datos]
[2025-02-19 23:43:51]::[Config]:-> [Conexión exitosa a la base de datos]
